<?xml version="1.0" encoding="UTF-8"?>
<testsuite xmlns:xsi="http://www.w3.org/2001/XMLSchema-instance" xsi:noNamespaceSchemaLocation="https://maven.apache.org/surefire/maven-surefire-plugin/xsd/surefire-test-report.xsd" version="3.0.2" name="com.fanxl.demo.controller.HealthControllerTest" time="1.806" tests="1" errors="0" skipped="0" failures="0">
  <properties>
[...]
</properties>
  <testcase name="healthShouldReturnOk" classname="com.fanxl.demo.controller.HealthControllerTest" time="0.591">
    <system-out><![CDATA[17:52:06.184 [main] INFO org.springframework.test.context.support.AnnotationConfigContextLoaderUtils -- Could not detect default configuration classes for test class [com.fanxl.demo.controller.HealthControllerTest]: HealthControllerTest does not declare any static, non-private, non-final, nested classes annotated with @Configuration.
17:52:06.255 [main] INFO org.springframework.boot.test.context.SpringBootTestContextBootstrapper -- Found @SpringBootConfiguration com.fanxl.demo.DemoApplication for test class com.fanxl.demo.controller.HealthControllerTest

  .   ____          _            __ _ _
 /\\ / ___'_ __ _ _(_)_ __  __ _ \ \ \ \
( ( )\___ | '_ | '_| | '_ \/ _` | \ \ \ \
 \\/  ___)| |_)| | | | | || (_| |  ) ) ) )
  '  |____| .__|_| |_|_| |_\__, | / / / /
 =========|_|==============|___/=/_/_/_/

 :: Spring Boot ::                (v3.4.0)

2026-07-12T17:52:06.503+08:00  INFO 30088 --- [demo] [           main] c.f.d.controller.HealthControllerTest    : Starting HealthControllerTest using Java 21.0.5 with PID 30088 (started by fanxl in D:\WorkSpace\QoderSpace\my-third-project\backend)
2026-07-12T17:52:06.503+08:00  INFO 30088 --- [demo] [           main] c.f.d.controller.HealthControllerTest    : No active profile set, falling back to 1 default profile: "default"
2026-07-12T17:52:07.278+08:00  INFO 30088 --- [demo] [           main] o.s.b.t.m.w.SpringBootMockServletContext : Initializing Spring TestDispatcherServlet ''
2026-07-12T17:52:07.278+08:00  INFO 30088 --- [demo] [           main] o.s.t.web.servlet.TestDispatcherServlet  : Initializing Servlet ''
2026-07-12T17:52:07.279+08:00  INFO 30088 --- [demo] [           main] o.s.t.web.servlet.TestDispatcherServlet  : Completed initialization in 1 ms
2026-07-12T17:52:07.295+08:00  INFO 30088 --- [demo] [           main] c.f.d.controller.HealthControllerTest    : Started HealthControllerTest in 0.961 seconds (process running for 1.489)
]]></system-out>
    <system-err><![CDATA[Mockito is currently self-attaching to enable the inline-mock-maker. This will no longer work in future releases of the JDK. Please add Mockito as an agent to your build what is described in Mockito's documentation: https://javadoc.io/doc/org.mockito/mockito-core/latest/org/mockito/Mockito.html#0.3
WARNING: A Java agent has been loaded dynamically (C:\Users\fanxl\.m2\repository\net\bytebuddy\byte-buddy-agent\1.15.10\byte-buddy-agent-1.15.10.jar)
WARNING: If a serviceability tool is in use, please run with -XX:+EnableDynamicAgentLoading to hide this warning
WARNING: If a serviceability tool is not in use, please run with -Djdk.instrument.traceUsage for more information
WARNING: Dynamic loading of agents will be disallowed by default in a future release
]]></system-err>
  </testcase>
</testsuite>